Using pre-set license
Built from '2020.3/staging' branch; Version is '2020.3.17f1 (a4537701e4ab) revision 10769271'; Using compiler version '192528614'; Build Type 'Release'
OS: 'Windows 10 Pro; OS build 19042.1165; Version 2009; 64bit' Language: 'en' Physical Memory: 10133 MB
BatchMode: 1, IsHumanControllingUs: 0, StartBugReporterOnCrash: 0, Is64bit: 1, IsPro: 0

COMMAND LINE ARGUMENTS:
C:\Program Files\Unity\Hub\Editor\2020.3.17f1\Editor\Unity.exe
-adb2
-batchMode
-noUpm
-name
AssetImportWorker0
-projectPath
E:/TriangleHit/TriangleHit-Version-1.0.4
-logFile
Logs/AssetImportWorker0.log
-srvPort
52878
Successfully changed project path to: E:/TriangleHit/TriangleHit-Version-1.0.4
E:/TriangleHit/TriangleHit-Version-1.0.4
Using Asset Import Pipeline V2.
Refreshing native plugins compatible for Editor in 47.66 ms, found 2 plugins.
Preloading 0 native plugins for Editor in 0.00 ms.
Initialize engine version: 2020.3.17f1 (a4537701e4ab)
[Subsystems] Discovering subsystems at path C:/Program Files/Unity/Hub/Editor/2020.3.17f1/Editor/Data/Resources/UnitySubsystems
[Subsystems] Discovering subsystems at path E:/TriangleHit/TriangleHit-Version-1.0.4/Assets
GfxDevice: creating device client; threaded=0
Direct3D:
    Version:  Direct3D 11.0 [level 11.1]
    Renderer: AMD Radeon(TM) Vega 8 Graphics (ID=0x15dd)
    Vendor:   
    VRAM:     5066 MB
    Driver:   27.20.1034.6
Initialize mono
Mono path[0] = 'C:/Program Files/Unity/Hub/Editor/2020.3.17f1/Editor/Data/Managed'
Mono path[1] = 'C:/Program Files/Unity/Hub/Editor/2020.3.17f1/Editor/Data/MonoBleedingEdge/lib/mono/unityjit'
Mono config path = 'C:/Program Files/Unity/Hub/Editor/2020.3.17f1/Editor/Data/MonoBleedingEdge/etc'
Using monoOptions --debugger-agent=transport=dt_socket,embedding=1,server=y,suspend=n,address=127.0.0.1:56920
Begin MonoManager ReloadAssembly
Registering precompiled unity dll's ...
Register platform support module: C:/Program Files/Unity/Hub/Editor/2020.3.17f1/Editor/Data/PlaybackEngines/WindowsStandaloneSupport/UnityEditor.WindowsStandalone.Extensions.dll
Registered in 0.004558 seconds.
Native extension for WindowsStandalone target not found
Refreshing native plugins compatible for Editor in 40.43 ms, found 2 plugins.
Preloading 0 native plugins for Editor in 0.00 ms.
Mono: successfully reloaded assembly
- Completed reload, in  3.188 seconds
Domain Reload Profiling:
	ReloadAssembly (3188ms)
		BeginReloadAssembly (89ms)
			ExecutionOrderSort (0ms)
			DisableScriptedObjects (0ms)
			BackupInstance (0ms)
			ReleaseScriptingObjects (0ms)
			CreateAndSetChildDomain (1ms)
		EndReloadAssembly (638ms)
			LoadAssemblies (85ms)
			RebuildTransferFunctionScriptingTraits (0ms)
			SetupTypeCache (253ms)
			ReleaseScriptCaches (0ms)
			RebuildScriptCaches (40ms)
			SetupLoadedEditorAssemblies (230ms)
				LogAssemblyErrors (0ms)
				InitializePlatformSupportModulesInManaged (6ms)
				SetLoadedEditorAssemblies (0ms)
				RefreshPlugins (41ms)
				BeforeProcessingInitializeOnLoad (23ms)
				ProcessInitializeOnLoadAttributes (117ms)
				ProcessInitializeOnLoadMethodAttributes (43ms)
				AfterProcessingInitializeOnLoad (0ms)
				EditorAssembliesLoaded (0ms)
			ExecutionOrderSort2 (0ms)
			AwakeInstancesAfterBackupRestoration (0ms)
Platform modules already initialized, skipping
Registering precompiled user dll's ...
Registered in 0.008136 seconds.
Begin MonoManager ReloadAssembly
Native extension for WindowsStandalone target not found
Refreshing native plugins compatible for Editor in 0.94 ms, found 2 plugins.
Preloading 0 native plugins for Editor in 0.00 ms.
Mono: successfully reloaded assembly
- Completed reload, in  1.951 seconds
Domain Reload Profiling:
	ReloadAssembly (1952ms)
		BeginReloadAssembly (237ms)
			ExecutionOrderSort (0ms)
			DisableScriptedObjects (7ms)
			BackupInstance (0ms)
			ReleaseScriptingObjects (0ms)
			CreateAndSetChildDomain (30ms)
		EndReloadAssembly (1617ms)
			LoadAssemblies (134ms)
			RebuildTransferFunctionScriptingTraits (0ms)
			SetupTypeCache (430ms)
			ReleaseScriptCaches (1ms)
			RebuildScriptCaches (73ms)
			SetupLoadedEditorAssemblies (817ms)
				LogAssemblyErrors (0ms)
				InitializePlatformSupportModulesInManaged (13ms)
				SetLoadedEditorAssemblies (1ms)
				RefreshPlugins (1ms)
				BeforeProcessingInitializeOnLoad (123ms)
				ProcessInitializeOnLoadAttributes (659ms)
				ProcessInitializeOnLoadMethodAttributes (7ms)
				AfterProcessingInitializeOnLoad (11ms)
				EditorAssembliesLoaded (0ms)
			ExecutionOrderSort2 (0ms)
			AwakeInstancesAfterBackupRestoration (10ms)
Platform modules already initialized, skipping
========================================================================
Worker process is ready to serve import requests
Launched and connected shader compiler UnityShaderCompiler.exe after 0.11 seconds
Refreshing native plugins compatible for Editor in 0.60 ms, found 2 plugins.
Preloading 0 native plugins for Editor in 0.00 ms.
Unloading 1556 Unused Serialized files (Serialized files now loaded: 0)
System memory in use before: 70.2 MB.
System memory in use after: 70.1 MB.

Unloading 19 unused Assets to reduce memory usage. Loaded Objects now: 1988.
Total: 4.100500 ms (FindLiveObjects: 0.248200 ms CreateObjectMapping: 0.053500 ms MarkObjects: 3.660300 ms  DeleteObjects: 0.136500 ms)

AssetImportParameters requested are different than current active one (requested -> active):
  custom:framework-win-MediaFoundation: 216162199b28c13a410421893ffa2e32 -> 
  custom:video-decoder-ogg-theora: a1e56fd34408186e4bbccfd4996cb3dc -> 
  custom:container-muxer-webm: aa71ff27fc2769a1b78a27578f13a17b -> 
  custom:container-demuxer-webm: 4f35f7cbe854078d1ac9338744f61a02 -> 
  custom:container-demuxer-ogg: 62fdf1f143b41e24485cea50d1cbac27 -> 
  custom:video-encoder-webm-vp8: eb34c28f22e8b96e1ab97ce403110664 -> 
  custom:video-decoder-webm-vp8: 9c59270c3fd7afecdb556c50c9e8de78 -> 
  custom:audio-decoder-ogg-vorbis: bf7c407c2cedff20999df2af8eb42d56 -> 
  custom:audio-encoder-webm-vorbis: bf7c407c2cedff20999df2af8eb42d56 -> 
========================================================================
Received Import Request.
  path: Assets/Data/Round.png
  artifactKey: Guid(ef54cf0e2a877634f80f511aa12f0932) Importer(815301076,1909f56bfc062723c751e8b465ee728b)
Start importing Assets/Data/Round.png using Guid(ef54cf0e2a877634f80f511aa12f0932) Importer(815301076,1909f56bfc062723c751e8b465ee728b)  -> (artifact id: '8ad7c8cad5a75ec4f95c63bebf770b67') in 0.169295 seconds 
  Import took 0.173466 seconds .

========================================================================
Received Import Request.
  Time since last request: 0.000435 seconds.
  path: Assets/Data/Triangle-Hit-Icon.png
  artifactKey: Guid(14dbf91ae24cf6044944d21823359891) Importer(815301076,1909f56bfc062723c751e8b465ee728b)
Start importing Assets/Data/Triangle-Hit-Icon.png using Guid(14dbf91ae24cf6044944d21823359891) Importer(815301076,1909f56bfc062723c751e8b465ee728b)  -> (artifact id: '37aba23bec4667c23de8c3db10392828') in 0.050917 seconds 
  Import took 0.055790 seconds .

========================================================================
Received Import Request.
  Time since last request: 5.864197 seconds.
  path: Assets/Prefabs/Big Triangle.prefab
  artifactKey: Guid(f3b534b0f2b385b4c934bc8bee257663) Importer(815301076,1909f56bfc062723c751e8b465ee728b)
Start importing Assets/Prefabs/Big Triangle.prefab using Guid(f3b534b0f2b385b4c934bc8bee257663) Importer(815301076,1909f56bfc062723c751e8b465ee728b)  -> (artifact id: '5712ed092e608b553ec42942342897a5') in 0.258247 seconds 
  Import took 0.261952 seconds .

========================================================================
Received Import Request.
  Time since last request: 0.000314 seconds.
  path: Assets/Prefabs/Gun.prefab
  artifactKey: Guid(3b8cc68f9d2efa34db7a36c52584b614) Importer(815301076,1909f56bfc062723c751e8b465ee728b)
Start importing Assets/Prefabs/Gun.prefab using Guid(3b8cc68f9d2efa34db7a36c52584b614) Importer(815301076,1909f56bfc062723c751e8b465ee728b)  -> (artifact id: 'ed2fd9ae703a24884c6ac835da1a8194') in 0.071937 seconds 
  Import took 0.075668 seconds .

========================================================================
Received Import Request.
  Time since last request: 0.000309 seconds.
  path: Assets/Prefabs/Dustbin.prefab
  artifactKey: Guid(e6bea80cf7079fb4d886f2f4865bf632) Importer(815301076,1909f56bfc062723c751e8b465ee728b)
Start importing Assets/Prefabs/Dustbin.prefab using Guid(e6bea80cf7079fb4d886f2f4865bf632) Importer(815301076,1909f56bfc062723c751e8b465ee728b)  -> (artifact id: 'ae0f2e6192771199813d90249235d66e') in 0.030617 seconds 
  Import took 0.034548 seconds .

========================================================================
Received Import Request.
  Time since last request: 0.000320 seconds.
  path: Assets/Prefabs/GameManager.prefab
  artifactKey: Guid(6ac52d7a60b008d4d8e9c57f6b255715) Importer(815301076,1909f56bfc062723c751e8b465ee728b)
Start importing Assets/Prefabs/GameManager.prefab using Guid(6ac52d7a60b008d4d8e9c57f6b255715) Importer(815301076,1909f56bfc062723c751e8b465ee728b)  -> (artifact id: '9a04b427a6a3bebdd9ee643bc0b25855') in 0.015161 seconds 
  Import took 0.018701 seconds .

========================================================================
Received Import Request.
  Time since last request: 0.000361 seconds.
  path: Assets/Prefabs/Enemy.prefab
  artifactKey: Guid(f6660e4da03d10b46ae301161d5e2bf3) Importer(815301076,1909f56bfc062723c751e8b465ee728b)
Start importing Assets/Prefabs/Enemy.prefab using Guid(f6660e4da03d10b46ae301161d5e2bf3) Importer(815301076,1909f56bfc062723c751e8b465ee728b)  -> (artifact id: '042cb254110c101e9f5cc581cda914be') in 0.045168 seconds 
  Import took 0.049902 seconds .

========================================================================
Received Import Request.
  Time since last request: 0.000320 seconds.
  path: Assets/Prefabs/Coin.prefab
  artifactKey: Guid(c26ec213f2da1c0469f897ac950145cc) Importer(815301076,1909f56bfc062723c751e8b465ee728b)
Start importing Assets/Prefabs/Coin.prefab using Guid(c26ec213f2da1c0469f897ac950145cc) Importer(815301076,1909f56bfc062723c751e8b465ee728b)  -> (artifact id: '0a7178aa2a57682e2a4fdc595e9a39da') in 0.024788 seconds 
  Import took 0.028327 seconds .

========================================================================
Received Import Request.
  Time since last request: 0.000343 seconds.
  path: Assets/Prefabs/VerticalPlatform.prefab
  artifactKey: Guid(97aced5333cfea2428cfa5d7c152aad1) Importer(815301076,1909f56bfc062723c751e8b465ee728b)
Start importing Assets/Prefabs/VerticalPlatform.prefab using Guid(97aced5333cfea2428cfa5d7c152aad1) Importer(815301076,1909f56bfc062723c751e8b465ee728b)  -> (artifact id: '9ad6f2526e56024e96e7c2002bd20d4c') in 0.025051 seconds 
  Import took 0.029585 seconds .

========================================================================
Received Import Request.
  Time since last request: 0.000325 seconds.
  path: Assets/Prefabs/Vertical Border.prefab
  artifactKey: Guid(857d8dbc8c5c22a4c8d340b1a00cbccb) Importer(815301076,1909f56bfc062723c751e8b465ee728b)
Start importing Assets/Prefabs/Vertical Border.prefab using Guid(857d8dbc8c5c22a4c8d340b1a00cbccb) Importer(815301076,1909f56bfc062723c751e8b465ee728b)  -> (artifact id: '90c2a9c5a73cd29ac605779799f6d957') in 0.023706 seconds 
  Import took 0.028015 seconds .

========================================================================
Received Import Request.
  Time since last request: 0.000261 seconds.
  path: Assets/Prefabs/Star.prefab
  artifactKey: Guid(5d6481c3b9050e540825a1ddde444a9b) Importer(815301076,1909f56bfc062723c751e8b465ee728b)
Start importing Assets/Prefabs/Star.prefab using Guid(5d6481c3b9050e540825a1ddde444a9b) Importer(815301076,1909f56bfc062723c751e8b465ee728b)  -> (artifact id: '1c6743f1ae0e19a36bb6f18acfe700b2') in 0.013256 seconds 
  Import took 0.017490 seconds .

========================================================================
Received Import Request.
  Time since last request: 0.000446 seconds.
  path: Assets/Prefabs/Horizontal Border.prefab
  artifactKey: Guid(fca0daa1393f8024bb0cd0c70848f26f) Importer(815301076,1909f56bfc062723c751e8b465ee728b)
Start importing Assets/Prefabs/Horizontal Border.prefab using Guid(fca0daa1393f8024bb0cd0c70848f26f) Importer(815301076,1909f56bfc062723c751e8b465ee728b)  -> (artifact id: '0b8591825da15b509bb2e4327c6de292') in 0.020944 seconds 
  Import took 0.024535 seconds .

========================================================================
Received Import Request.
  Time since last request: 0.000404 seconds.
  path: Assets/Prefabs/HorizontalPlatform.prefab
  artifactKey: Guid(9e428ba390fdb574ea210063c35e0be9) Importer(815301076,1909f56bfc062723c751e8b465ee728b)
Start importing Assets/Prefabs/HorizontalPlatform.prefab using Guid(9e428ba390fdb574ea210063c35e0be9) Importer(815301076,1909f56bfc062723c751e8b465ee728b)  -> (artifact id: '808cc7b79ab856b5ce597d1890513f17') in 0.022486 seconds 
  Import took 0.026829 seconds .

========================================================================
Received Import Request.
  Time since last request: 1.411602 seconds.
  path: Assets/Data/CustumData/Gun.asset
  artifactKey: Guid(61092a1b28076bc40bcbbc6c967a46e4) Importer(815301076,1909f56bfc062723c751e8b465ee728b)
Start importing Assets/Data/CustumData/Gun.asset using Guid(61092a1b28076bc40bcbbc6c967a46e4) Importer(815301076,1909f56bfc062723c751e8b465ee728b)  -> (artifact id: '60212274a69a3341d731d3c8c53d17c7') in 0.009598 seconds 
  Import took 0.013579 seconds .

========================================================================
Received Import Request.
  Time since last request: 0.000364 seconds.
  path: Assets/Data/CustumData/TVScreenPage_Show_anim.asset
  artifactKey: Guid(abb6abe228b6bc346aa87b3d9d8c7022) Importer(815301076,1909f56bfc062723c751e8b465ee728b)
Start importing Assets/Data/CustumData/TVScreenPage_Show_anim.asset using Guid(abb6abe228b6bc346aa87b3d9d8c7022) Importer(815301076,1909f56bfc062723c751e8b465ee728b)  -> (artifact id: '22e99fcce0e75f27b7bc6cef2d1adb43') in 0.009936 seconds 
  Import took 0.013896 seconds .

========================================================================
Received Import Request.
  Time since last request: 0.000474 seconds.
  path: Assets/Data/CustumData/PlayerSelectionMenuHideAnim.asset
  artifactKey: Guid(5b1ecb45dffca3d4a890f7039368bc05) Importer(815301076,1909f56bfc062723c751e8b465ee728b)
Start importing Assets/Data/CustumData/PlayerSelectionMenuHideAnim.asset using Guid(5b1ecb45dffca3d4a890f7039368bc05) Importer(815301076,1909f56bfc062723c751e8b465ee728b)  -> (artifact id: '101fb50df07972dbda99ec4eab49850b') in 0.010738 seconds 
  Import took 0.015015 seconds .

========================================================================
Received Import Request.
  Time since last request: 0.000298 seconds.
  path: Assets/Data/CustumData/TVScreenPage_Hide_anim.asset
  artifactKey: Guid(9a113bf9ff157b845861abff7789cb55) Importer(815301076,1909f56bfc062723c751e8b465ee728b)
Start importing Assets/Data/CustumData/TVScreenPage_Hide_anim.asset using Guid(9a113bf9ff157b845861abff7789cb55) Importer(815301076,1909f56bfc062723c751e8b465ee728b)  -> (artifact id: '22d0125400a61169f34af8d27871b372') in 0.009659 seconds 
  Import took 0.013096 seconds .

========================================================================
Received Import Request.
  Time since last request: 0.000320 seconds.
  path: Assets/Data/CustumData/PlayerSelectionMenuShowAnim.asset
  artifactKey: Guid(ea67938873c937f4da1fa1604b890d75) Importer(815301076,1909f56bfc062723c751e8b465ee728b)
Start importing Assets/Data/CustumData/PlayerSelectionMenuShowAnim.asset using Guid(ea67938873c937f4da1fa1604b890d75) Importer(815301076,1909f56bfc062723c751e8b465ee728b)  -> (artifact id: '0677a8a8f4c74de34a39364265a805a1') in 0.012226 seconds 
  Import took 0.016213 seconds .

========================================================================
Received Import Request.
  Time since last request: 0.148352 seconds.
  path: Assets/Data/EnemySettings/EnemySettings.asset
  artifactKey: Guid(e9ed2a691b23205428b50dff90bfec56) Importer(815301076,1909f56bfc062723c751e8b465ee728b)
Start importing Assets/Data/EnemySettings/EnemySettings.asset using Guid(e9ed2a691b23205428b50dff90bfec56) Importer(815301076,1909f56bfc062723c751e8b465ee728b)  -> (artifact id: '6cb98f666ca45d691e5443796079368e') in 0.067116 seconds 
  Import took 0.070892 seconds .

========================================================================
Received Import Request.
  Time since last request: 0.161408 seconds.
  path: Assets/Data/Fonts/BRLNSB.TTF
  artifactKey: Guid(a44443b5c0cdf484ebe46591798dfe32) Importer(815301076,1909f56bfc062723c751e8b465ee728b)
Start importing Assets/Data/Fonts/BRLNSB.TTF using Guid(a44443b5c0cdf484ebe46591798dfe32) Importer(815301076,1909f56bfc062723c751e8b465ee728b)  -> (artifact id: '97a55136c80ce112846ce37460c2fd09') in 0.511710 seconds 
  Import took 0.515424 seconds .

========================================================================
Received Import Request.
  Time since last request: 0.000356 seconds.
  path: Assets/Data/Fonts/BRLNSR.TTF
  artifactKey: Guid(1810e5a3e95fd194baf07ea03ed74f31) Importer(815301076,1909f56bfc062723c751e8b465ee728b)
Start importing Assets/Data/Fonts/BRLNSR.TTF using Guid(1810e5a3e95fd194baf07ea03ed74f31) Importer(815301076,1909f56bfc062723c751e8b465ee728b)  -> (artifact id: '0c363e251b7566977728510ed59be825') in 0.059464 seconds 
  Import took 0.063194 seconds .

========================================================================
Received Import Request.
  Time since last request: 0.000326 seconds.
  path: Assets/Data/Fonts/BRLNSDB.TTF
  artifactKey: Guid(6e741ce46f5b7294eb71abc01685e7fb) Importer(815301076,1909f56bfc062723c751e8b465ee728b)
Start importing Assets/Data/Fonts/BRLNSDB.TTF using Guid(6e741ce46f5b7294eb71abc01685e7fb) Importer(815301076,1909f56bfc062723c751e8b465ee728b)  -> (artifact id: '2cb374bb7133d8b97bc838430a5c99b7') in 0.096087 seconds 
  Import took 0.099733 seconds .

========================================================================
Received Import Request.
  Time since last request: 3.680355 seconds.
  path: Assets/Data/Scenes/StartScreen.unity
  artifactKey: Guid(4a42b5c9aa94da048bef97f042ad6fa8) Importer(815301076,1909f56bfc062723c751e8b465ee728b)
Start importing Assets/Data/Scenes/StartScreen.unity using Guid(4a42b5c9aa94da048bef97f042ad6fa8) Importer(815301076,1909f56bfc062723c751e8b465ee728b)  -> (artifact id: '35891e1b1df07a3da411b4cedc539671') in 0.010888 seconds 
  Import took 0.014812 seconds .

========================================================================
Received Prepare
Refreshing native plugins compatible for Editor in 4.85 ms, found 2 plugins.
Preloading 0 native plugins for Editor in 0.00 ms.
Unloading 12 Unused Serialized files (Serialized files now loaded: 0)
System memory in use before: 43.6 MB.
System memory in use after: 43.6 MB.

Unloading 12 unused Assets to reduce memory usage. Loaded Objects now: 2033.
Total: 5.564000 ms (FindLiveObjects: 0.285100 ms CreateObjectMapping: 0.057400 ms MarkObjects: 5.108600 ms  DeleteObjects: 0.111700 ms)

AssetImportParameters requested are different than current active one (requested -> active):
  custom:framework-win-MediaFoundation: 216162199b28c13a410421893ffa2e32 -> 
  custom:video-decoder-ogg-theora: a1e56fd34408186e4bbccfd4996cb3dc -> 
  custom:container-muxer-webm: aa71ff27fc2769a1b78a27578f13a17b -> 
  custom:container-demuxer-webm: 4f35f7cbe854078d1ac9338744f61a02 -> 
  custom:container-demuxer-ogg: 62fdf1f143b41e24485cea50d1cbac27 -> 
  custom:video-encoder-webm-vp8: eb34c28f22e8b96e1ab97ce403110664 -> 
  custom:video-decoder-webm-vp8: 9c59270c3fd7afecdb556c50c9e8de78 -> 
  custom:audio-decoder-ogg-vorbis: bf7c407c2cedff20999df2af8eb42d56 -> 
  custom:audio-encoder-webm-vorbis: bf7c407c2cedff20999df2af8eb42d56 -> 
========================================================================
Received Prepare
Refreshing native plugins compatible for Editor in 3.58 ms, found 2 plugins.
Preloading 0 native plugins for Editor in 0.00 ms.
Unloading 12 Unused Serialized files (Serialized files now loaded: 0)
System memory in use before: 43.6 MB.
System memory in use after: 43.6 MB.

Unloading 12 unused Assets to reduce memory usage. Loaded Objects now: 2033.
Total: 4.996800 ms (FindLiveObjects: 0.206300 ms CreateObjectMapping: 0.045200 ms MarkObjects: 4.661500 ms  DeleteObjects: 0.082400 ms)

AssetImportParameters requested are different than current active one (requested -> active):
  custom:framework-win-MediaFoundation: 216162199b28c13a410421893ffa2e32 -> 
  custom:video-decoder-ogg-theora: a1e56fd34408186e4bbccfd4996cb3dc -> 
  custom:container-muxer-webm: aa71ff27fc2769a1b78a27578f13a17b -> 
  custom:container-demuxer-webm: 4f35f7cbe854078d1ac9338744f61a02 -> 
  custom:container-demuxer-ogg: 62fdf1f143b41e24485cea50d1cbac27 -> 
  custom:video-encoder-webm-vp8: eb34c28f22e8b96e1ab97ce403110664 -> 
  custom:video-decoder-webm-vp8: 9c59270c3fd7afecdb556c50c9e8de78 -> 
  custom:audio-decoder-ogg-vorbis: bf7c407c2cedff20999df2af8eb42d56 -> 
  custom:audio-encoder-webm-vorbis: bf7c407c2cedff20999df2af8eb42d56 -> 
========================================================================
Received Prepare
Registering precompiled user dll's ...
Registered in 0.007700 seconds.
Begin MonoManager ReloadAssembly
Native extension for WindowsStandalone target not found
Refreshing native plugins compatible for Editor in 0.62 ms, found 2 plugins.
Preloading 0 native plugins for Editor in 0.00 ms.
Mono: successfully reloaded assembly
- Completed reload, in  1.785 seconds
Domain Reload Profiling:
	ReloadAssembly (1785ms)
		BeginReloadAssembly (193ms)
			ExecutionOrderSort (0ms)
			DisableScriptedObjects (7ms)
			BackupInstance (0ms)
			ReleaseScriptingObjects (0ms)
			CreateAndSetChildDomain (56ms)
		EndReloadAssembly (1464ms)
			LoadAssemblies (158ms)
			RebuildTransferFunctionScriptingTraits (0ms)
			SetupTypeCache (506ms)
			ReleaseScriptCaches (1ms)
			RebuildScriptCaches (51ms)
			SetupLoadedEditorAssemblies (592ms)
				LogAssemblyErrors (0ms)
				InitializePlatformSupportModulesInManaged (9ms)
				SetLoadedEditorAssemblies (1ms)
				RefreshPlugins (1ms)
				BeforeProcessingInitializeOnLoad (105ms)
				ProcessInitializeOnLoadAttributes (458ms)
				ProcessInitializeOnLoadMethodAttributes (6ms)
				AfterProcessingInitializeOnLoad (11ms)
				EditorAssembliesLoaded (0ms)
			ExecutionOrderSort2 (0ms)
			AwakeInstancesAfterBackupRestoration (10ms)
Platform modules already initialized, skipping
Switching build target platform(19) subTarget(0) extendedPlatform(0) -> platform(13) subTarget(537395200) extendedPlatform(0)
Refreshing native plugins compatible for Editor in 0.52 ms, found 2 plugins.
Preloading 0 native plugins for Editor in 0.00 ms.
Unloading 1554 Unused Serialized files (Serialized files now loaded: 0)
System memory in use before: 73.5 MB.
System memory in use after: 73.5 MB.

Unloading 14 unused Assets to reduce memory usage. Loaded Objects now: 2035.
Total: 4.026500 ms (FindLiveObjects: 0.294500 ms CreateObjectMapping: 0.090900 ms MarkObjects: 3.552600 ms  DeleteObjects: 0.086100 ms)

AssetImportParameters requested are different than current active one (requested -> active):
  custom:framework-win-MediaFoundation: 216162199b28c13a410421893ffa2e32 -> 
  custom:video-decoder-ogg-theora: a1e56fd34408186e4bbccfd4996cb3dc -> 
  custom:container-muxer-webm: aa71ff27fc2769a1b78a27578f13a17b -> 
  custom:container-demuxer-webm: 4f35f7cbe854078d1ac9338744f61a02 -> 
  custom:container-demuxer-ogg: 62fdf1f143b41e24485cea50d1cbac27 -> 
  custom:video-encoder-webm-vp8: eb34c28f22e8b96e1ab97ce403110664 -> 
  custom:video-decoder-webm-vp8: 9c59270c3fd7afecdb556c50c9e8de78 -> 
  custom:graphics/normal-map-encoding: 01000000000000000000000000000000 -> 02000000000000000000000000000000
  custom:audio-decoder-ogg-vorbis: bf7c407c2cedff20999df2af8eb42d56 -> 
  custom:audio-encoder-webm-vorbis: bf7c407c2cedff20999df2af8eb42d56 -> 
========================================================================
Received Prepare
Registering precompiled user dll's ...
Registered in 0.009551 seconds.
Begin MonoManager ReloadAssembly
Native extension for WindowsStandalone target not found
Refreshing native plugins compatible for Editor in 0.46 ms, found 2 plugins.
Preloading 0 native plugins for Editor in 0.00 ms.
Mono: successfully reloaded assembly
- Completed reload, in  1.707 seconds
Domain Reload Profiling:
	ReloadAssembly (1707ms)
		BeginReloadAssembly (159ms)
			ExecutionOrderSort (0ms)
			DisableScriptedObjects (6ms)
			BackupInstance (0ms)
			ReleaseScriptingObjects (0ms)
			CreateAndSetChildDomain (48ms)
		EndReloadAssembly (1460ms)
			LoadAssemblies (117ms)
			RebuildTransferFunctionScriptingTraits (0ms)
			SetupTypeCache (438ms)
			ReleaseScriptCaches (1ms)
			RebuildScriptCaches (59ms)
			SetupLoadedEditorAssemblies (649ms)
				LogAssemblyErrors (0ms)
				InitializePlatformSupportModulesInManaged (7ms)
				SetLoadedEditorAssemblies (1ms)
				RefreshPlugins (1ms)
				BeforeProcessingInitializeOnLoad (112ms)
				ProcessInitializeOnLoadAttributes (506ms)
				ProcessInitializeOnLoadMethodAttributes (8ms)
				AfterProcessingInitializeOnLoad (15ms)
				EditorAssembliesLoaded (0ms)
			ExecutionOrderSort2 (0ms)
			AwakeInstancesAfterBackupRestoration (13ms)
Platform modules already initialized, skipping
Switching build target platform(19) subTarget(0) extendedPlatform(0) -> platform(13) subTarget(537395200) extendedPlatform(0)
Refreshing native plugins compatible for Editor in 0.59 ms, found 2 plugins.
Preloading 0 native plugins for Editor in 0.00 ms.
Unloading 1554 Unused Serialized files (Serialized files now loaded: 0)
System memory in use before: 73.6 MB.
System memory in use after: 73.5 MB.

Unloading 14 unused Assets to reduce memory usage. Loaded Objects now: 2037.
Total: 5.073600 ms (FindLiveObjects: 0.258900 ms CreateObjectMapping: 0.064800 ms MarkObjects: 4.647000 ms  DeleteObjects: 0.100000 ms)

AssetImportParameters requested are different than current active one (requested -> active):
  custom:framework-win-MediaFoundation: 216162199b28c13a410421893ffa2e32 -> 
  custom:video-decoder-ogg-theora: a1e56fd34408186e4bbccfd4996cb3dc -> 
  custom:container-muxer-webm: aa71ff27fc2769a1b78a27578f13a17b -> 
  custom:container-demuxer-webm: 4f35f7cbe854078d1ac9338744f61a02 -> 
  custom:container-demuxer-ogg: 62fdf1f143b41e24485cea50d1cbac27 -> 
  custom:video-encoder-webm-vp8: eb34c28f22e8b96e1ab97ce403110664 -> 
  custom:video-decoder-webm-vp8: 9c59270c3fd7afecdb556c50c9e8de78 -> 
  custom:graphics/normal-map-encoding: 01000000000000000000000000000000 -> 02000000000000000000000000000000
  custom:audio-decoder-ogg-vorbis: bf7c407c2cedff20999df2af8eb42d56 -> 
  custom:audio-encoder-webm-vorbis: bf7c407c2cedff20999df2af8eb42d56 -> 
========================================================================
Received Prepare
Registering precompiled user dll's ...
Registered in 0.005619 seconds.
Begin MonoManager ReloadAssembly
Native extension for WindowsStandalone target not found
Refreshing native plugins compatible for Editor in 0.65 ms, found 2 plugins.
Preloading 0 native plugins for Editor in 0.00 ms.
Mono: successfully reloaded assembly
- Completed reload, in  2.100 seconds
Domain Reload Profiling:
	ReloadAssembly (2100ms)
		BeginReloadAssembly (158ms)
			ExecutionOrderSort (0ms)
			DisableScriptedObjects (8ms)
			BackupInstance (0ms)
			ReleaseScriptingObjects (0ms)
			CreateAndSetChildDomain (52ms)
		EndReloadAssembly (1854ms)
			LoadAssemblies (123ms)
			RebuildTransferFunctionScriptingTraits (0ms)
			SetupTypeCache (447ms)
			ReleaseScriptCaches (1ms)
			RebuildScriptCaches (64ms)
			SetupLoadedEditorAssemblies (1033ms)
				LogAssemblyErrors (0ms)
				InitializePlatformSupportModulesInManaged (7ms)
				SetLoadedEditorAssemblies (1ms)
				RefreshPlugins (1ms)
				BeforeProcessingInitializeOnLoad (116ms)
				ProcessInitializeOnLoadAttributes (886ms)
				ProcessInitializeOnLoadMethodAttributes (7ms)
				AfterProcessingInitializeOnLoad (15ms)
				EditorAssembliesLoaded (1ms)
			ExecutionOrderSort2 (0ms)
			AwakeInstancesAfterBackupRestoration (12ms)
Platform modules already initialized, skipping
Switching build target platform(19) subTarget(0) extendedPlatform(0) -> platform(13) subTarget(537395200) extendedPlatform(0)
Refreshing native plugins compatible for Editor in 0.62 ms, found 2 plugins.
Preloading 0 native plugins for Editor in 0.00 ms.
Unloading 1554 Unused Serialized files (Serialized files now loaded: 0)
System memory in use before: 73.6 MB.
System memory in use after: 73.6 MB.

Unloading 14 unused Assets to reduce memory usage. Loaded Objects now: 2039.
Total: 5.288200 ms (FindLiveObjects: 0.274100 ms CreateObjectMapping: 0.057000 ms MarkObjects: 4.838200 ms  DeleteObjects: 0.116500 ms)

AssetImportParameters requested are different than current active one (requested -> active):
  custom:framework-win-MediaFoundation: 216162199b28c13a410421893ffa2e32 -> 
  custom:video-decoder-ogg-theora: a1e56fd34408186e4bbccfd4996cb3dc -> 
  custom:container-muxer-webm: aa71ff27fc2769a1b78a27578f13a17b -> 
  custom:container-demuxer-webm: 4f35f7cbe854078d1ac9338744f61a02 -> 
  custom:container-demuxer-ogg: 62fdf1f143b41e24485cea50d1cbac27 -> 
  custom:video-encoder-webm-vp8: eb34c28f22e8b96e1ab97ce403110664 -> 
  custom:video-decoder-webm-vp8: 9c59270c3fd7afecdb556c50c9e8de78 -> 
  custom:graphics/normal-map-encoding: 01000000000000000000000000000000 -> 02000000000000000000000000000000
  custom:audio-decoder-ogg-vorbis: bf7c407c2cedff20999df2af8eb42d56 -> 
  custom:audio-encoder-webm-vorbis: bf7c407c2cedff20999df2af8eb42d56 -> 
AssetImportWorkerClient::OnTransportError - code=2 error=End of file
